[2019-07-18T07:34:52.673Z] debug: [twx-studio:upgrade:BMWCockpitProject] Begin upgrade of project BMWCockpitProject
[2019-07-18T07:34:52.675Z] info: [twx-studio:upgrade:BMWCockpitProject] Upgrading project BMWCockpitProject C:\Users\bakp\Documents\VuforiaStudio\Projects\BMWCockpitProject from 1.40.1573 to 8.4.5.4404 (1.40.1573)
[2019-07-18T07:34:52.724Z] debug: [twx-studio:upgrade:BMWCockpitProject] Make sure there are not any stale files lying around
[2019-07-18T07:34:52.726Z] debug: [twx-studio:upgrade:BMWCockpitProject] Create .gitignore for project dir
[2019-07-18T07:34:52.727Z] debug: [twx-studio:upgrade:BMWCockpitProject] Copying /src/**/* to project, overwrite=false
[2019-07-18T07:34:52.728Z] debug: [twx-studio:upgrade:BMWCockpitProject] Copying /**/* to project, skip /src/**/*,  overwrite=true
[2019-07-18T07:34:52.807Z] debug: [twx-studio:upgrade:BMWCockpitProject] Copy of project files complete
[2019-07-18T07:34:52.807Z] debug: [twx-studio:upgrade:BMWCockpitProject] Updating version to  8.4.5.4404 (1.40.1573)
[2019-07-18T07:34:52.807Z] debug: [twx-studio:upgrade:BMWCockpitProject] Copying project specific default resources.
[2019-07-18T07:34:52.907Z] debug: [twx-studio:upgrade:BMWCockpitProject] onupgrade sucessful, now build the project
[2019-07-18T07:34:52.908Z] debug: [twx-studio:upgrade:BMWCockpitProject] BEGIN buildApp BMWCockpitProject_1563435292908
[2019-07-18T07:34:52.908Z] debug: [twx-studio:upgrade:BMWCockpitProject] write settings
[2019-07-18T07:34:52.908Z] debug: [twx-studio:upgrade:BMWCockpitProject] copy runtime extensions
[2019-07-18T07:34:53.090Z] debug: [twx-studio:upgrade:BMWCockpitProject] packageThemeSet
[2019-07-18T07:34:54.012Z] debug: [twx-studio:upgrade:BMWCockpitProject] onBuild
[2019-07-18T07:34:54.013Z] info: [twx-studio:upgrade:BMWCockpitProject] Building ves-ar-extension app: BMWCockpitProject
[2019-07-18T07:34:54.032Z] debug: [twx-studio:upgrade:BMWCockpitProject] pathDir C:\Users\bakp\Documents\VuforiaStudio\Projects\BMWCockpitProject
[2019-07-18T07:34:54.032Z] debug: [twx-studio:upgrade:BMWCockpitProject] scaffoldDir C:\Users\bakp\AppData\Roaming\VuforiaStudio\studio-download.vuforia.io\node_modules\ves-ar-extension\src\src-scaffold
[2019-07-18T07:34:54.032Z] debug: [twx-studio:upgrade:BMWCockpitProject] copySrc
[2019-07-18T07:34:54.240Z] debug: [twx-studio:upgrade:BMWCockpitProject] buildApp
[2019-07-18T07:34:54.379Z] debug: [twx-studio:upgrade:BMWCockpitProject] END buildApp BMWCockpitProject_1563435292908
[2019-07-18T07:34:54.379Z] debug: [twx-studio:upgrade:BMWCockpitProject] Build succeeded.
[2019-07-31T08:25:58.989Z] debug: [twx-studio:upgrade:BMWCockpitProject] Begin upgrade of project BMWCockpitProject
[2019-07-31T08:25:58.989Z] info: [twx-studio:upgrade:BMWCockpitProject] Upgrading project BMWCockpitProject C:\Users\bakp\Documents\VuforiaStudio\Projects\BMWCockpitProject from 1.40.1573 to 8.4.6.4436 (1.41.1589)
[2019-07-31T08:25:58.993Z] debug: [twx-studio:upgrade:BMWCockpitProject] Make sure there are not any stale files lying around
[2019-07-31T08:25:58.994Z] debug: [twx-studio:upgrade:BMWCockpitProject] Removing  C:\Users\bakp\Documents\VuforiaStudio\Projects\BMWCockpitProject/css/
[2019-07-31T08:25:58.999Z] debug: [twx-studio:upgrade:BMWCockpitProject] Removing  C:\Users\bakp\Documents\VuforiaStudio\Projects\BMWCockpitProject/dist/
[2019-07-31T08:25:59.085Z] debug: [twx-studio:upgrade:BMWCockpitProject] Removing  C:\Users\bakp\Documents\VuforiaStudio\Projects\BMWCockpitProject/extensions/
[2019-07-31T08:25:59.104Z] debug: [twx-studio:upgrade:BMWCockpitProject] Removing  C:\Users\bakp\Documents\VuforiaStudio\Projects\BMWCockpitProject/src/phone/resources/Default/
[2019-07-31T08:25:59.124Z] debug: [twx-studio:upgrade:BMWCockpitProject] Removing  C:\Users\bakp\Documents\VuforiaStudio\Projects\BMWCockpitProject/theme/
[2019-07-31T08:25:59.128Z] debug: [twx-studio:upgrade:BMWCockpitProject] Copying /src/**/* to project, overwrite=false
[2019-07-31T08:25:59.129Z] debug: [twx-studio:upgrade:BMWCockpitProject] Copying /**/* to project, skip /src/**/*,  overwrite=true
[2019-07-31T08:25:59.227Z] debug: [twx-studio:upgrade:BMWCockpitProject] Copy of project files complete
[2019-07-31T08:25:59.227Z] debug: [twx-studio:upgrade:BMWCockpitProject] Updating version to  8.4.6.4436 (1.41.1589)
[2019-07-31T08:25:59.227Z] debug: [twx-studio:upgrade:BMWCockpitProject] Copying project specific default resources.
[2019-07-31T08:25:59.311Z] debug: [twx-studio:upgrade:BMWCockpitProject] onupgrade sucessful, now build the project
[2019-07-31T08:25:59.311Z] debug: [twx-studio:upgrade:BMWCockpitProject] BEGIN buildApp BMWCockpitProject_1564561559311
[2019-07-31T08:25:59.311Z] debug: [twx-studio:upgrade:BMWCockpitProject] write settings
[2019-07-31T08:25:59.312Z] debug: [twx-studio:upgrade:BMWCockpitProject] copy runtime extensions
[2019-07-31T08:25:59.502Z] debug: [twx-studio:upgrade:BMWCockpitProject] packageThemeSet
[2019-07-31T08:26:00.506Z] debug: [twx-studio:upgrade:BMWCockpitProject] onBuild
[2019-07-31T08:26:00.507Z] info: [twx-studio:upgrade:BMWCockpitProject] Building ves-ar-extension app: BMWCockpitProject
[2019-07-31T08:26:00.523Z] debug: [twx-studio:upgrade:BMWCockpitProject] pathDir C:\Users\bakp\Documents\VuforiaStudio\Projects\BMWCockpitProject
[2019-07-31T08:26:00.523Z] debug: [twx-studio:upgrade:BMWCockpitProject] scaffoldDir C:\Users\bakp\AppData\Roaming\VuforiaStudio\studio-download.vuforia.io\node_modules\ves-ar-extension\src\src-scaffold
[2019-07-31T08:26:00.523Z] debug: [twx-studio:upgrade:BMWCockpitProject] copySrc
[2019-07-31T08:26:00.706Z] debug: [twx-studio:upgrade:BMWCockpitProject] buildApp
[2019-07-31T08:26:00.889Z] debug: [twx-studio:upgrade:BMWCockpitProject] END buildApp BMWCockpitProject_1564561559311
[2019-07-31T08:26:00.889Z] debug: [twx-studio:upgrade:BMWCockpitProject] Build succeeded.
[2019-12-13T13:29:55.617Z] debug: [twx-studio:upgrade:BMWCockpitProject] Begin upgrade of project
[2019-12-13T13:29:55.619Z] info: [twx-studio:upgrade:BMWCockpitProject] Upgrading project
[2019-12-13T13:29:55.672Z] debug: [twx-studio:upgrade:BMWCockpitProject] Make sure there are not any stale files lying around
[2019-12-13T13:29:55.672Z] debug: [twx-studio:upgrade:BMWCockpitProject] Removing 
[2019-12-13T13:29:55.680Z] debug: [twx-studio:upgrade:BMWCockpitProject] Removing 
[2019-12-13T13:29:55.795Z] debug: [twx-studio:upgrade:BMWCockpitProject] Removing 
[2019-12-13T13:29:55.821Z] debug: [twx-studio:upgrade:BMWCockpitProject] Removing 
[2019-12-13T13:29:55.845Z] debug: [twx-studio:upgrade:BMWCockpitProject] Removing 
[2019-12-13T13:29:55.852Z] debug: [twx-studio:upgrade:BMWCockpitProject] Copying /src/**/* to project, overwrite=false
[2019-12-13T13:29:55.854Z] debug: [twx-studio:upgrade:BMWCockpitProject] Copying /**/* to project, skip /src/**/*,  overwrite=true
[2019-12-13T13:29:55.942Z] debug: [twx-studio:upgrade:BMWCockpitProject] Copy of project files complete
[2019-12-13T13:29:55.942Z] debug: [twx-studio:upgrade:BMWCockpitProject] Updating version to 
[2019-12-13T13:29:55.942Z] debug: [twx-studio:upgrade:BMWCockpitProject] Copying project specific default resources.
[2019-12-13T13:29:56.051Z] debug: [twx-studio:upgrade:BMWCockpitProject] onupgrade sucessful, now build the project
[2019-12-13T13:29:56.051Z] debug: [twx-studio:upgrade:BMWCockpitProject] BEGIN buildApp
[2019-12-13T13:29:56.051Z] debug: [twx-studio:upgrade:BMWCockpitProject] write settings
[2019-12-13T13:29:56.052Z] debug: [twx-studio:upgrade:BMWCockpitProject] copy runtime extensions
[2019-12-13T13:29:56.279Z] debug: [twx-studio:upgrade:BMWCockpitProject] packageThemeSet
[2019-12-13T13:29:57.330Z] debug: [twx-studio:upgrade:BMWCockpitProject] onBuild
[2019-12-13T13:29:57.330Z] info: [twx-studio:upgrade:BMWCockpitProject] Building ves-ar-extension app:
[2019-12-13T13:29:57.348Z] debug: [twx-studio:upgrade:BMWCockpitProject] pathDir
[2019-12-13T13:29:57.348Z] debug: [twx-studio:upgrade:BMWCockpitProject] scaffoldDir
[2019-12-13T13:29:57.348Z] debug: [twx-studio:upgrade:BMWCockpitProject] copySrc
[2019-12-13T13:29:57.559Z] debug: [twx-studio:upgrade:BMWCockpitProject] buildApp
[2019-12-13T13:29:57.726Z] debug: [twx-studio:upgrade:BMWCockpitProject] END buildApp
[2019-12-13T13:29:57.726Z] debug: [twx-studio:upgrade:BMWCockpitProject] Build succeeded.
