[2019-07-18T10:19:35.423Z] debug: [twx-studio:upgrade:BMWCockpitMobile] Begin upgrade of project BMWCockpitMobile
[2019-07-18T10:19:35.424Z] info: [twx-studio:upgrade:BMWCockpitMobile] Upgrading project BMWCockpitMobile C:\Users\bakp\Documents\VuforiaStudio\Projects\BMWCockpitMobile from 1.40.1573 to 8.4.5.4404 (1.40.1573)
[2019-07-18T10:19:35.431Z] debug: [twx-studio:upgrade:BMWCockpitMobile] Make sure there are not any stale files lying around
[2019-07-18T10:19:35.433Z] debug: [twx-studio:upgrade:BMWCockpitMobile] Create .gitignore for project dir
[2019-07-18T10:19:35.433Z] debug: [twx-studio:upgrade:BMWCockpitMobile] Copying /src/**/* to project, overwrite=false
[2019-07-18T10:19:35.435Z] debug: [twx-studio:upgrade:BMWCockpitMobile] Copying /**/* to project, skip /src/**/*,  overwrite=true
[2019-07-18T10:19:35.507Z] debug: [twx-studio:upgrade:BMWCockpitMobile] Copy of project files complete
[2019-07-18T10:19:35.507Z] debug: [twx-studio:upgrade:BMWCockpitMobile] Updating version to  8.4.5.4404 (1.40.1573)
[2019-07-18T10:19:35.507Z] debug: [twx-studio:upgrade:BMWCockpitMobile] onupgrade sucessful, now build the project
[2019-07-18T10:19:35.507Z] debug: [twx-studio:upgrade:BMWCockpitMobile] BEGIN buildApp BMWCockpitMobile_1563445175507
[2019-07-18T10:19:35.507Z] debug: [twx-studio:upgrade:BMWCockpitMobile] write settings
[2019-07-18T10:19:35.508Z] debug: [twx-studio:upgrade:BMWCockpitMobile] copy runtime extensions
[2019-07-18T10:19:35.687Z] debug: [twx-studio:upgrade:BMWCockpitMobile] packageThemeSet
[2019-07-18T10:19:36.578Z] debug: [twx-studio:upgrade:BMWCockpitMobile] onBuild
[2019-07-18T10:19:36.578Z] info: [twx-studio:upgrade:BMWCockpitMobile] Building ves-ar-extension app: BMWCockpitMobile
[2019-07-18T10:19:36.595Z] debug: [twx-studio:upgrade:BMWCockpitMobile] pathDir C:\Users\bakp\Documents\VuforiaStudio\Projects\BMWCockpitMobile
[2019-07-18T10:19:36.596Z] debug: [twx-studio:upgrade:BMWCockpitMobile] scaffoldDir C:\Users\bakp\AppData\Roaming\VuforiaStudio\studio-download.vuforia.io\node_modules\ves-ar-extension\src\src-scaffold
[2019-07-18T10:19:36.596Z] debug: [twx-studio:upgrade:BMWCockpitMobile] copySrc
[2019-07-18T10:19:36.812Z] debug: [twx-studio:upgrade:BMWCockpitMobile] buildApp
[2019-07-18T10:19:36.954Z] debug: [twx-studio:upgrade:BMWCockpitMobile] END buildApp BMWCockpitMobile_1563445175507
[2019-07-18T10:19:36.954Z] debug: [twx-studio:upgrade:BMWCockpitMobile] Build succeeded.
[2019-07-31T07:38:36.866Z] debug: [twx-studio:upgrade:BMWCockpitMobile] Begin upgrade of project BMWCockpitMobile
[2019-07-31T07:38:36.869Z] info: [twx-studio:upgrade:BMWCockpitMobile] Upgrading project BMWCockpitMobile C:\Users\bakp\Documents\VuforiaStudio\Projects\BMWCockpitMobile from 1.40.1573 to 8.4.6.4436 (1.41.1589)
[2019-07-31T07:38:36.911Z] debug: [twx-studio:upgrade:BMWCockpitMobile] Make sure there are not any stale files lying around
[2019-07-31T07:38:36.912Z] debug: [twx-studio:upgrade:BMWCockpitMobile] Removing  C:\Users\bakp\Documents\VuforiaStudio\Projects\BMWCockpitMobile/css/
[2019-07-31T07:38:36.917Z] debug: [twx-studio:upgrade:BMWCockpitMobile] Removing  C:\Users\bakp\Documents\VuforiaStudio\Projects\BMWCockpitMobile/dist/
[2019-07-31T07:38:37.002Z] debug: [twx-studio:upgrade:BMWCockpitMobile] Removing  C:\Users\bakp\Documents\VuforiaStudio\Projects\BMWCockpitMobile/extensions/
[2019-07-31T07:38:37.022Z] debug: [twx-studio:upgrade:BMWCockpitMobile] Removing  C:\Users\bakp\Documents\VuforiaStudio\Projects\BMWCockpitMobile/src/phone/resources/Default/
[2019-07-31T07:38:37.037Z] debug: [twx-studio:upgrade:BMWCockpitMobile] Removing  C:\Users\bakp\Documents\VuforiaStudio\Projects\BMWCockpitMobile/theme/
[2019-07-31T07:38:37.042Z] debug: [twx-studio:upgrade:BMWCockpitMobile] Copying /src/**/* to project, overwrite=false
[2019-07-31T07:38:37.044Z] debug: [twx-studio:upgrade:BMWCockpitMobile] Copying /**/* to project, skip /src/**/*,  overwrite=true
[2019-07-31T07:38:37.133Z] debug: [twx-studio:upgrade:BMWCockpitMobile] Copy of project files complete
[2019-07-31T07:38:37.133Z] debug: [twx-studio:upgrade:BMWCockpitMobile] Updating version to  8.4.6.4436 (1.41.1589)
[2019-07-31T07:38:37.134Z] debug: [twx-studio:upgrade:BMWCockpitMobile] onupgrade sucessful, now build the project
[2019-07-31T07:38:37.134Z] debug: [twx-studio:upgrade:BMWCockpitMobile] BEGIN buildApp BMWCockpitMobile_1564558717134
[2019-07-31T07:38:37.134Z] debug: [twx-studio:upgrade:BMWCockpitMobile] write settings
[2019-07-31T07:38:37.135Z] debug: [twx-studio:upgrade:BMWCockpitMobile] copy runtime extensions
[2019-07-31T07:38:37.482Z] debug: [twx-studio:upgrade:BMWCockpitMobile] packageThemeSet
[2019-07-31T07:38:38.546Z] debug: [twx-studio:upgrade:BMWCockpitMobile] onBuild
[2019-07-31T07:38:38.546Z] info: [twx-studio:upgrade:BMWCockpitMobile] Building ves-ar-extension app: BMWCockpitMobile
[2019-07-31T07:38:38.602Z] debug: [twx-studio:upgrade:BMWCockpitMobile] pathDir C:\Users\bakp\Documents\VuforiaStudio\Projects\BMWCockpitMobile
[2019-07-31T07:38:38.602Z] debug: [twx-studio:upgrade:BMWCockpitMobile] scaffoldDir C:\Users\bakp\AppData\Roaming\VuforiaStudio\studio-download.vuforia.io\node_modules\ves-ar-extension\src\src-scaffold
[2019-07-31T07:38:38.602Z] debug: [twx-studio:upgrade:BMWCockpitMobile] copySrc
[2019-07-31T07:38:39.002Z] debug: [twx-studio:upgrade:BMWCockpitMobile] buildApp
[2019-07-31T07:38:39.790Z] debug: [twx-studio:upgrade:BMWCockpitMobile] END buildApp BMWCockpitMobile_1564558717134
[2019-07-31T07:38:39.790Z] debug: [twx-studio:upgrade:BMWCockpitMobile] Build succeeded.

2019-08-19T08:44:06.638Z: Project "BMWCockpitMobile" saved as new project "BMWCockpitMobile_HoloLens"[2019-08-19T08:44:08.210Z] debug: [twx-studio:upgrade:BMWCockpitMobile_HoloLens] Begin upgrade of project BMWCockpitMobile_HoloLens
[2019-08-19T08:44:08.213Z] info: [twx-studio:upgrade:BMWCockpitMobile_HoloLens] Upgrading project BMWCockpitMobile HoloLens C:\Users\bakp\Documents\VuforiaStudio\Projects\BMWCockpitMobile_HoloLens from 1.41.1589 to 8.4.6.4436 (1.41.1589)
[2019-08-19T08:44:08.264Z] debug: [twx-studio:upgrade:BMWCockpitMobile_HoloLens] Make sure there are not any stale files lying around
[2019-08-19T08:44:08.265Z] debug: [twx-studio:upgrade:BMWCockpitMobile_HoloLens] Removing  C:\Users\bakp\Documents\VuforiaStudio\Projects\BMWCockpitMobile_HoloLens/src/phone/resources/Default/
[2019-08-19T08:44:08.284Z] debug: [twx-studio:upgrade:BMWCockpitMobile_HoloLens] Create .gitignore for project dir
[2019-08-19T08:44:08.285Z] debug: [twx-studio:upgrade:BMWCockpitMobile_HoloLens] Copying /src/**/* to project, overwrite=false
[2019-08-19T08:44:08.286Z] debug: [twx-studio:upgrade:BMWCockpitMobile_HoloLens] Copying /**/* to project, skip /src/**/*,  overwrite=true
[2019-08-19T08:44:08.362Z] debug: [twx-studio:upgrade:BMWCockpitMobile_HoloLens] Copy of project files complete
[2019-08-19T08:44:08.362Z] debug: [twx-studio:upgrade:BMWCockpitMobile_HoloLens] Updating version to  8.4.6.4436 (1.41.1589)
[2019-08-19T08:44:08.363Z] debug: [twx-studio:upgrade:BMWCockpitMobile_HoloLens] onupgrade sucessful, now build the project
[2019-08-19T08:44:08.363Z] debug: [twx-studio:upgrade:BMWCockpitMobile_HoloLens] BEGIN buildApp BMWCockpitMobile_HoloLens_1566204248363
[2019-08-19T08:44:08.363Z] debug: [twx-studio:upgrade:BMWCockpitMobile_HoloLens] write settings
[2019-08-19T08:44:08.364Z] debug: [twx-studio:upgrade:BMWCockpitMobile_HoloLens] copy runtime extensions
[2019-08-19T08:44:08.570Z] debug: [twx-studio:upgrade:BMWCockpitMobile_HoloLens] packageThemeSet
[2019-08-19T08:44:09.535Z] debug: [twx-studio:upgrade:BMWCockpitMobile_HoloLens] onBuild
[2019-08-19T08:44:09.535Z] info: [twx-studio:upgrade:BMWCockpitMobile_HoloLens] Building ves-ar-extension app: BMWCockpitMobile HoloLens
[2019-08-19T08:44:09.550Z] debug: [twx-studio:upgrade:BMWCockpitMobile_HoloLens] pathDir C:\Users\bakp\Documents\VuforiaStudio\Projects\BMWCockpitMobile_HoloLens
[2019-08-19T08:44:09.550Z] debug: [twx-studio:upgrade:BMWCockpitMobile_HoloLens] scaffoldDir C:\Users\bakp\AppData\Roaming\VuforiaStudio\studio-download.vuforia.io\node_modules\ves-ar-extension\src\src-scaffold
[2019-08-19T08:44:09.551Z] debug: [twx-studio:upgrade:BMWCockpitMobile_HoloLens] copySrc
[2019-08-19T08:44:09.788Z] debug: [twx-studio:upgrade:BMWCockpitMobile_HoloLens] buildApp
[2019-08-19T08:44:10.394Z] debug: [twx-studio:upgrade:BMWCockpitMobile_HoloLens] END buildApp BMWCockpitMobile_HoloLens_1566204248363
[2019-08-19T08:44:10.394Z] debug: [twx-studio:upgrade:BMWCockpitMobile_HoloLens] Build succeeded.
[2019-08-26T06:22:05.301Z] debug: [twx-studio:upgrade:BMWCockpitMobile_HoloLens] Begin upgrade of project
[2019-08-26T06:22:05.302Z] info: [twx-studio:upgrade:BMWCockpitMobile_HoloLens] Upgrading project
[2019-08-26T06:22:05.346Z] debug: [twx-studio:upgrade:BMWCockpitMobile_HoloLens] Make sure there are not any stale files lying around
[2019-08-26T06:22:05.346Z] debug: [twx-studio:upgrade:BMWCockpitMobile_HoloLens] Removing 
[2019-08-26T06:22:05.351Z] debug: [twx-studio:upgrade:BMWCockpitMobile_HoloLens] Removing 
[2019-08-26T06:22:05.450Z] debug: [twx-studio:upgrade:BMWCockpitMobile_HoloLens] Removing 
[2019-08-26T06:22:05.470Z] debug: [twx-studio:upgrade:BMWCockpitMobile_HoloLens] Removing 
[2019-08-26T06:22:05.489Z] debug: [twx-studio:upgrade:BMWCockpitMobile_HoloLens] Removing 
[2019-08-26T06:22:05.494Z] debug: [twx-studio:upgrade:BMWCockpitMobile_HoloLens] Copying /src/**/* to project, overwrite=false
[2019-08-26T06:22:05.497Z] debug: [twx-studio:upgrade:BMWCockpitMobile_HoloLens] Copying /**/* to project, skip /src/**/*,  overwrite=true
[2019-08-26T06:22:05.592Z] debug: [twx-studio:upgrade:BMWCockpitMobile_HoloLens] Copy of project files complete
[2019-08-26T06:22:05.592Z] debug: [twx-studio:upgrade:BMWCockpitMobile_HoloLens] Updating version to 
[2019-08-26T06:22:05.592Z] debug: [twx-studio:upgrade:BMWCockpitMobile_HoloLens] onupgrade sucessful, now build the project
[2019-08-26T06:22:05.593Z] debug: [twx-studio:upgrade:BMWCockpitMobile_HoloLens] BEGIN buildApp
[2019-08-26T06:22:05.593Z] debug: [twx-studio:upgrade:BMWCockpitMobile_HoloLens] write settings
[2019-08-26T06:22:05.594Z] debug: [twx-studio:upgrade:BMWCockpitMobile_HoloLens] copy runtime extensions
[2019-08-26T06:22:05.933Z] debug: [twx-studio:upgrade:BMWCockpitMobile_HoloLens] packageThemeSet
[2019-08-26T06:22:07.145Z] debug: [twx-studio:upgrade:BMWCockpitMobile_HoloLens] onBuild
[2019-08-26T06:22:07.145Z] info: [twx-studio:upgrade:BMWCockpitMobile_HoloLens] Building ves-ar-extension app:
[2019-08-26T06:22:07.309Z] debug: [twx-studio:upgrade:BMWCockpitMobile_HoloLens] pathDir
[2019-08-26T06:22:07.309Z] debug: [twx-studio:upgrade:BMWCockpitMobile_HoloLens] scaffoldDir
[2019-08-26T06:22:07.310Z] debug: [twx-studio:upgrade:BMWCockpitMobile_HoloLens] copySrc
[2019-08-26T06:22:07.646Z] debug: [twx-studio:upgrade:BMWCockpitMobile_HoloLens] buildApp
[2019-08-26T06:22:08.491Z] debug: [twx-studio:upgrade:BMWCockpitMobile_HoloLens] END buildApp
[2019-08-26T06:22:08.491Z] debug: [twx-studio:upgrade:BMWCockpitMobile_HoloLens] Build succeeded.

2019-08-30T07:50:17.008Z: Project "BMWCockpitMobile ThingMark" saved as new project "BMWCockpitMobile_ModelTarget"[2019-08-30T07:50:26.422Z] debug: [twx-studio:upgrade:BMWCockpitMobile_ModelTarget] Begin upgrade of project
[2019-08-30T07:50:26.424Z] info: [twx-studio:upgrade:BMWCockpitMobile_ModelTarget] Upgrading project
[2019-08-30T07:50:26.472Z] debug: [twx-studio:upgrade:BMWCockpitMobile_ModelTarget] Make sure there are not any stale files lying around
[2019-08-30T07:50:26.473Z] debug: [twx-studio:upgrade:BMWCockpitMobile_ModelTarget] Removing 
[2019-08-30T07:50:26.494Z] debug: [twx-studio:upgrade:BMWCockpitMobile_ModelTarget] Create .gitignore for project dir
[2019-08-30T07:50:26.495Z] debug: [twx-studio:upgrade:BMWCockpitMobile_ModelTarget] Copying /src/**/* to project, overwrite=false
[2019-08-30T07:50:26.497Z] debug: [twx-studio:upgrade:BMWCockpitMobile_ModelTarget] Copying /**/* to project, skip /src/**/*,  overwrite=true
[2019-08-30T07:50:26.565Z] debug: [twx-studio:upgrade:BMWCockpitMobile_ModelTarget] Copy of project files complete
[2019-08-30T07:50:26.565Z] debug: [twx-studio:upgrade:BMWCockpitMobile_ModelTarget] Updating version to 
[2019-08-30T07:50:26.566Z] debug: [twx-studio:upgrade:BMWCockpitMobile_ModelTarget] onupgrade sucessful, now build the project
[2019-08-30T07:50:26.566Z] debug: [twx-studio:upgrade:BMWCockpitMobile_ModelTarget] BEGIN buildApp
[2019-08-30T07:50:26.566Z] debug: [twx-studio:upgrade:BMWCockpitMobile_ModelTarget] write settings
[2019-08-30T07:50:26.567Z] debug: [twx-studio:upgrade:BMWCockpitMobile_ModelTarget] copy runtime extensions
[2019-08-30T07:50:26.797Z] debug: [twx-studio:upgrade:BMWCockpitMobile_ModelTarget] packageThemeSet
[2019-08-30T07:50:27.734Z] debug: [twx-studio:upgrade:BMWCockpitMobile_ModelTarget] onBuild
[2019-08-30T07:50:27.734Z] info: [twx-studio:upgrade:BMWCockpitMobile_ModelTarget] Building ves-ar-extension app:
[2019-08-30T07:50:27.752Z] debug: [twx-studio:upgrade:BMWCockpitMobile_ModelTarget] pathDir
[2019-08-30T07:50:27.752Z] debug: [twx-studio:upgrade:BMWCockpitMobile_ModelTarget] scaffoldDir
[2019-08-30T07:50:27.752Z] debug: [twx-studio:upgrade:BMWCockpitMobile_ModelTarget] copySrc
[2019-08-30T07:50:28.013Z] debug: [twx-studio:upgrade:BMWCockpitMobile_ModelTarget] buildApp
[2019-08-30T07:50:28.783Z] debug: [twx-studio:upgrade:BMWCockpitMobile_ModelTarget] END buildApp
[2019-08-30T07:50:28.784Z] debug: [twx-studio:upgrade:BMWCockpitMobile_ModelTarget] Build succeeded.
[2019-10-10T09:24:59.416Z] debug: [twx-studio:upgrade:BMWCockpitMobile_ModelTarget] Begin upgrade of project
[2019-10-10T09:24:59.417Z] info: [twx-studio:upgrade:BMWCockpitMobile_ModelTarget] Upgrading project
[2019-10-10T09:24:59.421Z] debug: [twx-studio:upgrade:BMWCockpitMobile_ModelTarget] Make sure there are not any stale files lying around
[2019-10-10T09:24:59.421Z] debug: [twx-studio:upgrade:BMWCockpitMobile_ModelTarget] Removing 
[2019-10-10T09:24:59.428Z] debug: [twx-studio:upgrade:BMWCockpitMobile_ModelTarget] Removing 
[2019-10-10T09:24:59.527Z] debug: [twx-studio:upgrade:BMWCockpitMobile_ModelTarget] Removing 
[2019-10-10T09:24:59.544Z] debug: [twx-studio:upgrade:BMWCockpitMobile_ModelTarget] Removing 
[2019-10-10T09:24:59.560Z] debug: [twx-studio:upgrade:BMWCockpitMobile_ModelTarget] Removing 
[2019-10-10T09:24:59.564Z] debug: [twx-studio:upgrade:BMWCockpitMobile_ModelTarget] Copying /src/**/* to project, overwrite=false
[2019-10-10T09:24:59.567Z] debug: [twx-studio:upgrade:BMWCockpitMobile_ModelTarget] Copying /**/* to project, skip /src/**/*,  overwrite=true
[2019-10-10T09:24:59.647Z] debug: [twx-studio:upgrade:BMWCockpitMobile_ModelTarget] Copy of project files complete
[2019-10-10T09:24:59.647Z] debug: [twx-studio:upgrade:BMWCockpitMobile_ModelTarget] Updating version to 
[2019-10-10T09:24:59.647Z] debug: [twx-studio:upgrade:BMWCockpitMobile_ModelTarget] onupgrade sucessful, now build the project
[2019-10-10T09:24:59.648Z] debug: [twx-studio:upgrade:BMWCockpitMobile_ModelTarget] BEGIN buildApp
[2019-10-10T09:24:59.648Z] debug: [twx-studio:upgrade:BMWCockpitMobile_ModelTarget] write settings
[2019-10-10T09:24:59.649Z] debug: [twx-studio:upgrade:BMWCockpitMobile_ModelTarget] copy runtime extensions
[2019-10-10T09:24:59.950Z] debug: [twx-studio:upgrade:BMWCockpitMobile_ModelTarget] packageThemeSet
[2019-10-10T09:25:00.894Z] debug: [twx-studio:upgrade:BMWCockpitMobile_ModelTarget] onBuild
[2019-10-10T09:25:00.894Z] info: [twx-studio:upgrade:BMWCockpitMobile_ModelTarget] Building ves-ar-extension app:
[2019-10-10T09:25:00.914Z] debug: [twx-studio:upgrade:BMWCockpitMobile_ModelTarget] pathDir
[2019-10-10T09:25:00.914Z] debug: [twx-studio:upgrade:BMWCockpitMobile_ModelTarget] scaffoldDir
[2019-10-10T09:25:00.914Z] debug: [twx-studio:upgrade:BMWCockpitMobile_ModelTarget] copySrc
[2019-10-10T09:25:01.228Z] debug: [twx-studio:upgrade:BMWCockpitMobile_ModelTarget] buildApp
[2019-10-10T09:25:01.862Z] debug: [twx-studio:upgrade:BMWCockpitMobile_ModelTarget] END buildApp
[2019-10-10T09:25:01.862Z] debug: [twx-studio:upgrade:BMWCockpitMobile_ModelTarget] Build succeeded.
[2019-10-30T11:55:17.874Z] debug: [twx-studio:upgrade:BMWCockpitMobile_ModelTarget] Begin upgrade of project
[2019-10-30T11:55:17.875Z] info: [twx-studio:upgrade:BMWCockpitMobile_ModelTarget] Upgrading project
[2019-10-30T11:55:17.881Z] debug: [twx-studio:upgrade:BMWCockpitMobile_ModelTarget] Make sure there are not any stale files lying around
[2019-10-30T11:55:17.881Z] debug: [twx-studio:upgrade:BMWCockpitMobile_ModelTarget] Removing 
[2019-10-30T11:55:17.888Z] debug: [twx-studio:upgrade:BMWCockpitMobile_ModelTarget] Removing 
[2019-10-30T11:55:18.004Z] debug: [twx-studio:upgrade:BMWCockpitMobile_ModelTarget] Removing 
[2019-10-30T11:55:18.022Z] debug: [twx-studio:upgrade:BMWCockpitMobile_ModelTarget] Removing 
[2019-10-30T11:55:18.039Z] debug: [twx-studio:upgrade:BMWCockpitMobile_ModelTarget] Removing 
[2019-10-30T11:55:18.043Z] debug: [twx-studio:upgrade:BMWCockpitMobile_ModelTarget] Copying /src/**/* to project, overwrite=false
[2019-10-30T11:55:18.046Z] debug: [twx-studio:upgrade:BMWCockpitMobile_ModelTarget] Copying /**/* to project, skip /src/**/*,  overwrite=true
[2019-10-30T11:55:18.132Z] debug: [twx-studio:upgrade:BMWCockpitMobile_ModelTarget] Copy of project files complete
[2019-10-30T11:55:18.132Z] debug: [twx-studio:upgrade:BMWCockpitMobile_ModelTarget] Updating version to 
[2019-10-30T11:55:18.132Z] debug: [twx-studio:upgrade:BMWCockpitMobile_ModelTarget] onupgrade sucessful, now build the project
[2019-10-30T11:55:18.132Z] debug: [twx-studio:upgrade:BMWCockpitMobile_ModelTarget] BEGIN buildApp
[2019-10-30T11:55:18.132Z] debug: [twx-studio:upgrade:BMWCockpitMobile_ModelTarget] write settings
[2019-10-30T11:55:18.133Z] debug: [twx-studio:upgrade:BMWCockpitMobile_ModelTarget] copy runtime extensions
[2019-10-30T11:55:18.354Z] debug: [twx-studio:upgrade:BMWCockpitMobile_ModelTarget] packageThemeSet
[2019-10-30T11:55:19.318Z] debug: [twx-studio:upgrade:BMWCockpitMobile_ModelTarget] onBuild
[2019-10-30T11:55:19.318Z] info: [twx-studio:upgrade:BMWCockpitMobile_ModelTarget] Building ves-ar-extension app:
[2019-10-30T11:55:19.344Z] debug: [twx-studio:upgrade:BMWCockpitMobile_ModelTarget] pathDir
[2019-10-30T11:55:19.344Z] debug: [twx-studio:upgrade:BMWCockpitMobile_ModelTarget] scaffoldDir
[2019-10-30T11:55:19.344Z] debug: [twx-studio:upgrade:BMWCockpitMobile_ModelTarget] copySrc
[2019-10-30T11:55:19.637Z] debug: [twx-studio:upgrade:BMWCockpitMobile_ModelTarget] buildApp
[2019-10-30T11:55:20.480Z] debug: [twx-studio:upgrade:BMWCockpitMobile_ModelTarget] END buildApp
[2019-10-30T11:55:20.481Z] debug: [twx-studio:upgrade:BMWCockpitMobile_ModelTarget] Build succeeded.
[2019-11-18T11:36:58.951Z] debug: [twx-studio:upgrade:BMWCockpitMobile_ModelTarget] Begin upgrade of project
[2019-11-18T11:36:58.955Z] info: [twx-studio:upgrade:BMWCockpitMobile_ModelTarget] Upgrading project
[2019-11-18T11:36:59.012Z] debug: [twx-studio:upgrade:BMWCockpitMobile_ModelTarget] Make sure there are not any stale files lying around
[2019-11-18T11:36:59.012Z] debug: [twx-studio:upgrade:BMWCockpitMobile_ModelTarget] Removing 
[2019-11-18T11:36:59.020Z] debug: [twx-studio:upgrade:BMWCockpitMobile_ModelTarget] Removing 
[2019-11-18T11:36:59.152Z] debug: [twx-studio:upgrade:BMWCockpitMobile_ModelTarget] Removing 
[2019-11-18T11:36:59.177Z] debug: [twx-studio:upgrade:BMWCockpitMobile_ModelTarget] Removing 
[2019-11-18T11:36:59.200Z] debug: [twx-studio:upgrade:BMWCockpitMobile_ModelTarget] Removing 
[2019-11-18T11:36:59.207Z] debug: [twx-studio:upgrade:BMWCockpitMobile_ModelTarget] Copying /src/**/* to project, overwrite=false
[2019-11-18T11:36:59.210Z] debug: [twx-studio:upgrade:BMWCockpitMobile_ModelTarget] Copying /**/* to project, skip /src/**/*,  overwrite=true
[2019-11-18T11:36:59.295Z] debug: [twx-studio:upgrade:BMWCockpitMobile_ModelTarget] Copy of project files complete
[2019-11-18T11:36:59.295Z] debug: [twx-studio:upgrade:BMWCockpitMobile_ModelTarget] Updating version to 
[2019-11-18T11:36:59.295Z] debug: [twx-studio:upgrade:BMWCockpitMobile_ModelTarget] onupgrade sucessful, now build the project
[2019-11-18T11:36:59.296Z] debug: [twx-studio:upgrade:BMWCockpitMobile_ModelTarget] BEGIN buildApp
[2019-11-18T11:36:59.296Z] debug: [twx-studio:upgrade:BMWCockpitMobile_ModelTarget] write settings
[2019-11-18T11:36:59.297Z] debug: [twx-studio:upgrade:BMWCockpitMobile_ModelTarget] copy runtime extensions
[2019-11-18T11:36:59.536Z] debug: [twx-studio:upgrade:BMWCockpitMobile_ModelTarget] packageThemeSet
[2019-11-18T11:37:00.548Z] debug: [twx-studio:upgrade:BMWCockpitMobile_ModelTarget] onBuild
[2019-11-18T11:37:00.548Z] info: [twx-studio:upgrade:BMWCockpitMobile_ModelTarget] Building ves-ar-extension app:
[2019-11-18T11:37:00.566Z] debug: [twx-studio:upgrade:BMWCockpitMobile_ModelTarget] pathDir
[2019-11-18T11:37:00.566Z] debug: [twx-studio:upgrade:BMWCockpitMobile_ModelTarget] scaffoldDir
[2019-11-18T11:37:00.566Z] debug: [twx-studio:upgrade:BMWCockpitMobile_ModelTarget] copySrc
[2019-11-18T11:37:00.849Z] debug: [twx-studio:upgrade:BMWCockpitMobile_ModelTarget] buildApp
[2019-11-18T11:37:01.615Z] debug: [twx-studio:upgrade:BMWCockpitMobile_ModelTarget] END buildApp
[2019-11-18T11:37:01.615Z] debug: [twx-studio:upgrade:BMWCockpitMobile_ModelTarget] Build succeeded.
[2020-01-23T11:03:34.518Z] debug: [twx-studio:upgrade:BMWCockpitMobile_ModelTarget] Begin upgrade of project
[2020-01-23T11:03:34.520Z] info: [twx-studio:upgrade:BMWCockpitMobile_ModelTarget] Upgrading project
[2020-01-23T11:03:34.608Z] debug: [twx-studio:upgrade:BMWCockpitMobile_ModelTarget] Make sure there are not any stale files lying around
[2020-01-23T11:03:34.608Z] debug: [twx-studio:upgrade:BMWCockpitMobile_ModelTarget] Removing 
[2020-01-23T11:03:34.616Z] debug: [twx-studio:upgrade:BMWCockpitMobile_ModelTarget] Removing 
[2020-01-23T11:03:34.779Z] debug: [twx-studio:upgrade:BMWCockpitMobile_ModelTarget] Removing 
[2020-01-23T11:03:34.820Z] debug: [twx-studio:upgrade:BMWCockpitMobile_ModelTarget] Removing 
[2020-01-23T11:03:34.850Z] debug: [twx-studio:upgrade:BMWCockpitMobile_ModelTarget] Removing 
[2020-01-23T11:03:34.858Z] debug: [twx-studio:upgrade:BMWCockpitMobile_ModelTarget] Copying /src/**/* to project, overwrite=false
[2020-01-23T11:03:34.859Z] debug: [twx-studio:upgrade:BMWCockpitMobile_ModelTarget] Copying /**/* to project, skip /src/**/*,  overwrite=true
[2020-01-23T11:03:34.952Z] debug: [twx-studio:upgrade:BMWCockpitMobile_ModelTarget] Copy of project files complete
[2020-01-23T11:03:34.952Z] debug: [twx-studio:upgrade:BMWCockpitMobile_ModelTarget] Updating version to 
[2020-01-23T11:03:34.952Z] debug: [twx-studio:upgrade:BMWCockpitMobile_ModelTarget] onupgrade sucessful, now build the project
[2020-01-23T11:03:34.952Z] debug: [twx-studio:upgrade:BMWCockpitMobile_ModelTarget] BEGIN buildApp
[2020-01-23T11:03:34.952Z] debug: [twx-studio:upgrade:BMWCockpitMobile_ModelTarget] write settings
[2020-01-23T11:03:34.954Z] debug: [twx-studio:upgrade:BMWCockpitMobile_ModelTarget] copy runtime extensions
[2020-01-23T11:03:35.506Z] debug: [twx-studio:upgrade:BMWCockpitMobile_ModelTarget] packageThemeSet
[2020-01-23T11:03:36.661Z] debug: [twx-studio:upgrade:BMWCockpitMobile_ModelTarget] onBuild
[2020-01-23T11:03:36.661Z] info: [twx-studio:upgrade:BMWCockpitMobile_ModelTarget] Building ves-ar-extension app:
[2020-01-23T11:03:36.694Z] debug: [twx-studio:upgrade:BMWCockpitMobile_ModelTarget] pathDir
[2020-01-23T11:03:36.694Z] debug: [twx-studio:upgrade:BMWCockpitMobile_ModelTarget] scaffoldDir
[2020-01-23T11:03:36.694Z] debug: [twx-studio:upgrade:BMWCockpitMobile_ModelTarget] copySrc
[2020-01-23T11:03:37.529Z] debug: [twx-studio:upgrade:BMWCockpitMobile_ModelTarget] buildApp
[2020-01-23T11:03:38.392Z] debug: [twx-studio:upgrade:BMWCockpitMobile_ModelTarget] END buildApp
[2020-01-23T11:03:38.393Z] debug: [twx-studio:upgrade:BMWCockpitMobile_ModelTarget] Build succeeded.
