[2019-07-03T07:10:25.540Z] debug: [twx-studio:upgrade:Beginner] Begin upgrade of project Beginner
[2019-07-03T07:10:25.541Z] info: [twx-studio:upgrade:Beginner] Upgrading project Beginner C:\Users\bakp\Documents\VuforiaStudio\Projects\Beginner from 1.40.1573 to 8.4.5.4404 (1.40.1573)
[2019-07-03T07:10:25.591Z] debug: [twx-studio:upgrade:Beginner] Make sure there are not any stale files lying around
[2019-07-03T07:10:25.610Z] debug: [twx-studio:upgrade:Beginner] Create .gitignore for project dir
[2019-07-03T07:10:25.620Z] debug: [twx-studio:upgrade:Beginner] Copying /src/**/* to project, overwrite=false
[2019-07-03T07:10:25.621Z] debug: [twx-studio:upgrade:Beginner] Copying /**/* to project, skip /src/**/*,  overwrite=true
[2019-07-03T07:10:25.714Z] debug: [twx-studio:upgrade:Beginner] Copy of project files complete
[2019-07-03T07:10:25.715Z] debug: [twx-studio:upgrade:Beginner] Updating version to  8.4.5.4404 (1.40.1573)
[2019-07-03T07:10:25.715Z] debug: [twx-studio:upgrade:Beginner] onupgrade sucessful, now build the project
[2019-07-03T07:10:25.715Z] debug: [twx-studio:upgrade:Beginner] BEGIN buildApp Beginner_1562137825715
[2019-07-03T07:10:25.715Z] debug: [twx-studio:upgrade:Beginner] write settings
[2019-07-03T07:10:25.716Z] debug: [twx-studio:upgrade:Beginner] copy runtime extensions
[2019-07-03T07:10:25.958Z] debug: [twx-studio:upgrade:Beginner] packageThemeSet
[2019-07-03T07:10:26.906Z] debug: [twx-studio:upgrade:Beginner] onBuild
[2019-07-03T07:10:26.907Z] info: [twx-studio:upgrade:Beginner] Building ves-ar-extension app: Beginner
[2019-07-03T07:10:26.930Z] debug: [twx-studio:upgrade:Beginner] pathDir C:\Users\bakp\Documents\VuforiaStudio\Projects\Beginner
[2019-07-03T07:10:26.930Z] debug: [twx-studio:upgrade:Beginner] scaffoldDir C:\Users\bakp\AppData\Roaming\VuforiaStudio\studio-download.vuforia.io\node_modules\ves-ar-extension\src\src-scaffold
[2019-07-03T07:10:26.930Z] debug: [twx-studio:upgrade:Beginner] copySrc
[2019-07-03T07:10:27.147Z] debug: [twx-studio:upgrade:Beginner] buildApp
[2019-07-03T07:10:27.328Z] debug: [twx-studio:upgrade:Beginner] END buildApp Beginner_1562137825715
[2019-07-03T07:10:27.328Z] debug: [twx-studio:upgrade:Beginner] Build succeeded.
[2019-08-02T08:01:51.644Z] debug: [twx-studio:upgrade:Beginner] Begin upgrade of project Beginner
[2019-08-02T08:01:51.645Z] info: [twx-studio:upgrade:Beginner] Upgrading project Beginner C:\Users\bakp\Documents\VuforiaStudio\Projects\Beginner from 1.40.1573 to 8.4.6.4436 (1.41.1589)
[2019-08-02T08:01:51.649Z] debug: [twx-studio:upgrade:Beginner] Make sure there are not any stale files lying around
[2019-08-02T08:01:51.650Z] debug: [twx-studio:upgrade:Beginner] Removing  C:\Users\bakp\Documents\VuforiaStudio\Projects\Beginner/css/
[2019-08-02T08:01:51.656Z] debug: [twx-studio:upgrade:Beginner] Removing  C:\Users\bakp\Documents\VuforiaStudio\Projects\Beginner/dist/
[2019-08-02T08:01:51.743Z] debug: [twx-studio:upgrade:Beginner] Removing  C:\Users\bakp\Documents\VuforiaStudio\Projects\Beginner/extensions/
[2019-08-02T08:01:51.761Z] debug: [twx-studio:upgrade:Beginner] Removing  C:\Users\bakp\Documents\VuforiaStudio\Projects\Beginner/src/phone/resources/Default/
[2019-08-02T08:01:51.776Z] debug: [twx-studio:upgrade:Beginner] Removing  C:\Users\bakp\Documents\VuforiaStudio\Projects\Beginner/theme/
[2019-08-02T08:01:51.781Z] debug: [twx-studio:upgrade:Beginner] Copying /src/**/* to project, overwrite=false
[2019-08-02T08:01:51.782Z] debug: [twx-studio:upgrade:Beginner] Copying /**/* to project, skip /src/**/*,  overwrite=true
[2019-08-02T08:01:51.840Z] debug: [twx-studio:upgrade:Beginner] Copy of project files complete
[2019-08-02T08:01:51.841Z] debug: [twx-studio:upgrade:Beginner] Updating version to  8.4.6.4436 (1.41.1589)
[2019-08-02T08:01:51.841Z] debug: [twx-studio:upgrade:Beginner] onupgrade sucessful, now build the project
[2019-08-02T08:01:51.841Z] debug: [twx-studio:upgrade:Beginner] BEGIN buildApp Beginner_1564732911841
[2019-08-02T08:01:51.841Z] debug: [twx-studio:upgrade:Beginner] write settings
[2019-08-02T08:01:51.842Z] debug: [twx-studio:upgrade:Beginner] copy runtime extensions
[2019-08-02T08:01:52.043Z] debug: [twx-studio:upgrade:Beginner] packageThemeSet
[2019-08-02T08:01:52.982Z] debug: [twx-studio:upgrade:Beginner] onBuild
[2019-08-02T08:01:52.982Z] info: [twx-studio:upgrade:Beginner] Building ves-ar-extension app: Beginner
[2019-08-02T08:01:53.000Z] debug: [twx-studio:upgrade:Beginner] pathDir C:\Users\bakp\Documents\VuforiaStudio\Projects\Beginner
[2019-08-02T08:01:53.000Z] debug: [twx-studio:upgrade:Beginner] scaffoldDir C:\Users\bakp\AppData\Roaming\VuforiaStudio\studio-download.vuforia.io\node_modules\ves-ar-extension\src\src-scaffold
[2019-08-02T08:01:53.000Z] debug: [twx-studio:upgrade:Beginner] copySrc
[2019-08-02T08:01:53.510Z] debug: [twx-studio:upgrade:Beginner] buildApp
[2019-08-02T08:01:53.779Z] debug: [twx-studio:upgrade:Beginner] END buildApp Beginner_1564732911841
[2019-08-02T08:01:53.780Z] debug: [twx-studio:upgrade:Beginner] Build succeeded.
