[2019-07-18T10:19:35.423Z] debug: [twx-studio:upgrade:BMWCockpitMobile] Begin upgrade of project BMWCockpitMobile
[2019-07-18T10:19:35.424Z] info: [twx-studio:upgrade:BMWCockpitMobile] Upgrading project BMWCockpitMobile C:\Users\bakp\Documents\VuforiaStudio\Projects\BMWCockpitMobile from 1.40.1573 to 8.4.5.4404 (1.40.1573)
[2019-07-18T10:19:35.431Z] debug: [twx-studio:upgrade:BMWCockpitMobile] Make sure there are not any stale files lying around
[2019-07-18T10:19:35.433Z] debug: [twx-studio:upgrade:BMWCockpitMobile] Create .gitignore for project dir
[2019-07-18T10:19:35.433Z] debug: [twx-studio:upgrade:BMWCockpitMobile] Copying /src/**/* to project, overwrite=false
[2019-07-18T10:19:35.435Z] debug: [twx-studio:upgrade:BMWCockpitMobile] Copying /**/* to project, skip /src/**/*,  overwrite=true
[2019-07-18T10:19:35.507Z] debug: [twx-studio:upgrade:BMWCockpitMobile] Copy of project files complete
[2019-07-18T10:19:35.507Z] debug: [twx-studio:upgrade:BMWCockpitMobile] Updating version to  8.4.5.4404 (1.40.1573)
[2019-07-18T10:19:35.507Z] debug: [twx-studio:upgrade:BMWCockpitMobile] onupgrade sucessful, now build the project
[2019-07-18T10:19:35.507Z] debug: [twx-studio:upgrade:BMWCockpitMobile] BEGIN buildApp BMWCockpitMobile_1563445175507
[2019-07-18T10:19:35.507Z] debug: [twx-studio:upgrade:BMWCockpitMobile] write settings
[2019-07-18T10:19:35.508Z] debug: [twx-studio:upgrade:BMWCockpitMobile] copy runtime extensions
[2019-07-18T10:19:35.687Z] debug: [twx-studio:upgrade:BMWCockpitMobile] packageThemeSet
[2019-07-18T10:19:36.578Z] debug: [twx-studio:upgrade:BMWCockpitMobile] onBuild
[2019-07-18T10:19:36.578Z] info: [twx-studio:upgrade:BMWCockpitMobile] Building ves-ar-extension app: BMWCockpitMobile
[2019-07-18T10:19:36.595Z] debug: [twx-studio:upgrade:BMWCockpitMobile] pathDir C:\Users\bakp\Documents\VuforiaStudio\Projects\BMWCockpitMobile
[2019-07-18T10:19:36.596Z] debug: [twx-studio:upgrade:BMWCockpitMobile] scaffoldDir C:\Users\bakp\AppData\Roaming\VuforiaStudio\studio-download.vuforia.io\node_modules\ves-ar-extension\src\src-scaffold
[2019-07-18T10:19:36.596Z] debug: [twx-studio:upgrade:BMWCockpitMobile] copySrc
[2019-07-18T10:19:36.812Z] debug: [twx-studio:upgrade:BMWCockpitMobile] buildApp
[2019-07-18T10:19:36.954Z] debug: [twx-studio:upgrade:BMWCockpitMobile] END buildApp BMWCockpitMobile_1563445175507
[2019-07-18T10:19:36.954Z] debug: [twx-studio:upgrade:BMWCockpitMobile] Build succeeded.
[2019-07-31T07:38:36.866Z] debug: [twx-studio:upgrade:BMWCockpitMobile] Begin upgrade of project BMWCockpitMobile
[2019-07-31T07:38:36.869Z] info: [twx-studio:upgrade:BMWCockpitMobile] Upgrading project BMWCockpitMobile C:\Users\bakp\Documents\VuforiaStudio\Projects\BMWCockpitMobile from 1.40.1573 to 8.4.6.4436 (1.41.1589)
[2019-07-31T07:38:36.911Z] debug: [twx-studio:upgrade:BMWCockpitMobile] Make sure there are not any stale files lying around
[2019-07-31T07:38:36.912Z] debug: [twx-studio:upgrade:BMWCockpitMobile] Removing  C:\Users\bakp\Documents\VuforiaStudio\Projects\BMWCockpitMobile/css/
[2019-07-31T07:38:36.917Z] debug: [twx-studio:upgrade:BMWCockpitMobile] Removing  C:\Users\bakp\Documents\VuforiaStudio\Projects\BMWCockpitMobile/dist/
[2019-07-31T07:38:37.002Z] debug: [twx-studio:upgrade:BMWCockpitMobile] Removing  C:\Users\bakp\Documents\VuforiaStudio\Projects\BMWCockpitMobile/extensions/
[2019-07-31T07:38:37.022Z] debug: [twx-studio:upgrade:BMWCockpitMobile] Removing  C:\Users\bakp\Documents\VuforiaStudio\Projects\BMWCockpitMobile/src/phone/resources/Default/
[2019-07-31T07:38:37.037Z] debug: [twx-studio:upgrade:BMWCockpitMobile] Removing  C:\Users\bakp\Documents\VuforiaStudio\Projects\BMWCockpitMobile/theme/
[2019-07-31T07:38:37.042Z] debug: [twx-studio:upgrade:BMWCockpitMobile] Copying /src/**/* to project, overwrite=false
[2019-07-31T07:38:37.044Z] debug: [twx-studio:upgrade:BMWCockpitMobile] Copying /**/* to project, skip /src/**/*,  overwrite=true
[2019-07-31T07:38:37.133Z] debug: [twx-studio:upgrade:BMWCockpitMobile] Copy of project files complete
[2019-07-31T07:38:37.133Z] debug: [twx-studio:upgrade:BMWCockpitMobile] Updating version to  8.4.6.4436 (1.41.1589)
[2019-07-31T07:38:37.134Z] debug: [twx-studio:upgrade:BMWCockpitMobile] onupgrade sucessful, now build the project
[2019-07-31T07:38:37.134Z] debug: [twx-studio:upgrade:BMWCockpitMobile] BEGIN buildApp BMWCockpitMobile_1564558717134
[2019-07-31T07:38:37.134Z] debug: [twx-studio:upgrade:BMWCockpitMobile] write settings
[2019-07-31T07:38:37.135Z] debug: [twx-studio:upgrade:BMWCockpitMobile] copy runtime extensions
[2019-07-31T07:38:37.482Z] debug: [twx-studio:upgrade:BMWCockpitMobile] packageThemeSet
[2019-07-31T07:38:38.546Z] debug: [twx-studio:upgrade:BMWCockpitMobile] onBuild
[2019-07-31T07:38:38.546Z] info: [twx-studio:upgrade:BMWCockpitMobile] Building ves-ar-extension app: BMWCockpitMobile
[2019-07-31T07:38:38.602Z] debug: [twx-studio:upgrade:BMWCockpitMobile] pathDir C:\Users\bakp\Documents\VuforiaStudio\Projects\BMWCockpitMobile
[2019-07-31T07:38:38.602Z] debug: [twx-studio:upgrade:BMWCockpitMobile] scaffoldDir C:\Users\bakp\AppData\Roaming\VuforiaStudio\studio-download.vuforia.io\node_modules\ves-ar-extension\src\src-scaffold
[2019-07-31T07:38:38.602Z] debug: [twx-studio:upgrade:BMWCockpitMobile] copySrc
[2019-07-31T07:38:39.002Z] debug: [twx-studio:upgrade:BMWCockpitMobile] buildApp
[2019-07-31T07:38:39.790Z] debug: [twx-studio:upgrade:BMWCockpitMobile] END buildApp BMWCockpitMobile_1564558717134
[2019-07-31T07:38:39.790Z] debug: [twx-studio:upgrade:BMWCockpitMobile] Build succeeded.

2019-08-19T08:44:06.638Z: Project "BMWCockpitMobile" saved as new project "BMWCockpitMobile_HoloLens"[2019-08-19T08:44:08.210Z] debug: [twx-studio:upgrade:BMWCockpitMobile_HoloLens] Begin upgrade of project BMWCockpitMobile_HoloLens
[2019-08-19T08:44:08.213Z] info: [twx-studio:upgrade:BMWCockpitMobile_HoloLens] Upgrading project BMWCockpitMobile HoloLens C:\Users\bakp\Documents\VuforiaStudio\Projects\BMWCockpitMobile_HoloLens from 1.41.1589 to 8.4.6.4436 (1.41.1589)
[2019-08-19T08:44:08.264Z] debug: [twx-studio:upgrade:BMWCockpitMobile_HoloLens] Make sure there are not any stale files lying around
[2019-08-19T08:44:08.265Z] debug: [twx-studio:upgrade:BMWCockpitMobile_HoloLens] Removing  C:\Users\bakp\Documents\VuforiaStudio\Projects\BMWCockpitMobile_HoloLens/src/phone/resources/Default/
[2019-08-19T08:44:08.284Z] debug: [twx-studio:upgrade:BMWCockpitMobile_HoloLens] Create .gitignore for project dir
[2019-08-19T08:44:08.285Z] debug: [twx-studio:upgrade:BMWCockpitMobile_HoloLens] Copying /src/**/* to project, overwrite=false
[2019-08-19T08:44:08.286Z] debug: [twx-studio:upgrade:BMWCockpitMobile_HoloLens] Copying /**/* to project, skip /src/**/*,  overwrite=true
[2019-08-19T08:44:08.362Z] debug: [twx-studio:upgrade:BMWCockpitMobile_HoloLens] Copy of project files complete
[2019-08-19T08:44:08.362Z] debug: [twx-studio:upgrade:BMWCockpitMobile_HoloLens] Updating version to  8.4.6.4436 (1.41.1589)
[2019-08-19T08:44:08.363Z] debug: [twx-studio:upgrade:BMWCockpitMobile_HoloLens] onupgrade sucessful, now build the project
[2019-08-19T08:44:08.363Z] debug: [twx-studio:upgrade:BMWCockpitMobile_HoloLens] BEGIN buildApp BMWCockpitMobile_HoloLens_1566204248363
[2019-08-19T08:44:08.363Z] debug: [twx-studio:upgrade:BMWCockpitMobile_HoloLens] write settings
[2019-08-19T08:44:08.364Z] debug: [twx-studio:upgrade:BMWCockpitMobile_HoloLens] copy runtime extensions
[2019-08-19T08:44:08.570Z] debug: [twx-studio:upgrade:BMWCockpitMobile_HoloLens] packageThemeSet
[2019-08-19T08:44:09.535Z] debug: [twx-studio:upgrade:BMWCockpitMobile_HoloLens] onBuild
[2019-08-19T08:44:09.535Z] info: [twx-studio:upgrade:BMWCockpitMobile_HoloLens] Building ves-ar-extension app: BMWCockpitMobile HoloLens
[2019-08-19T08:44:09.550Z] debug: [twx-studio:upgrade:BMWCockpitMobile_HoloLens] pathDir C:\Users\bakp\Documents\VuforiaStudio\Projects\BMWCockpitMobile_HoloLens
[2019-08-19T08:44:09.550Z] debug: [twx-studio:upgrade:BMWCockpitMobile_HoloLens] scaffoldDir C:\Users\bakp\AppData\Roaming\VuforiaStudio\studio-download.vuforia.io\node_modules\ves-ar-extension\src\src-scaffold
[2019-08-19T08:44:09.551Z] debug: [twx-studio:upgrade:BMWCockpitMobile_HoloLens] copySrc
[2019-08-19T08:44:09.788Z] debug: [twx-studio:upgrade:BMWCockpitMobile_HoloLens] buildApp
[2019-08-19T08:44:10.394Z] debug: [twx-studio:upgrade:BMWCockpitMobile_HoloLens] END buildApp BMWCockpitMobile_HoloLens_1566204248363
[2019-08-19T08:44:10.394Z] debug: [twx-studio:upgrade:BMWCockpitMobile_HoloLens] Build succeeded.
[2019-08-26T06:22:05.301Z] debug: [twx-studio:upgrade:BMWCockpitMobile_HoloLens] Begin upgrade of project
[2019-08-26T06:22:05.302Z] info: [twx-studio:upgrade:BMWCockpitMobile_HoloLens] Upgrading project
[2019-08-26T06:22:05.346Z] debug: [twx-studio:upgrade:BMWCockpitMobile_HoloLens] Make sure there are not any stale files lying around
[2019-08-26T06:22:05.346Z] debug: [twx-studio:upgrade:BMWCockpitMobile_HoloLens] Removing 
[2019-08-26T06:22:05.351Z] debug: [twx-studio:upgrade:BMWCockpitMobile_HoloLens] Removing 
[2019-08-26T06:22:05.450Z] debug: [twx-studio:upgrade:BMWCockpitMobile_HoloLens] Removing 
[2019-08-26T06:22:05.470Z] debug: [twx-studio:upgrade:BMWCockpitMobile_HoloLens] Removing 
[2019-08-26T06:22:05.489Z] debug: [twx-studio:upgrade:BMWCockpitMobile_HoloLens] Removing 
[2019-08-26T06:22:05.494Z] debug: [twx-studio:upgrade:BMWCockpitMobile_HoloLens] Copying /src/**/* to project, overwrite=false
[2019-08-26T06:22:05.497Z] debug: [twx-studio:upgrade:BMWCockpitMobile_HoloLens] Copying /**/* to project, skip /src/**/*,  overwrite=true
[2019-08-26T06:22:05.592Z] debug: [twx-studio:upgrade:BMWCockpitMobile_HoloLens] Copy of project files complete
[2019-08-26T06:22:05.592Z] debug: [twx-studio:upgrade:BMWCockpitMobile_HoloLens] Updating version to 
[2019-08-26T06:22:05.592Z] debug: [twx-studio:upgrade:BMWCockpitMobile_HoloLens] onupgrade sucessful, now build the project
[2019-08-26T06:22:05.593Z] debug: [twx-studio:upgrade:BMWCockpitMobile_HoloLens] BEGIN buildApp
[2019-08-26T06:22:05.593Z] debug: [twx-studio:upgrade:BMWCockpitMobile_HoloLens] write settings
[2019-08-26T06:22:05.594Z] debug: [twx-studio:upgrade:BMWCockpitMobile_HoloLens] copy runtime extensions
[2019-08-26T06:22:05.933Z] debug: [twx-studio:upgrade:BMWCockpitMobile_HoloLens] packageThemeSet
[2019-08-26T06:22:07.145Z] debug: [twx-studio:upgrade:BMWCockpitMobile_HoloLens] onBuild
[2019-08-26T06:22:07.145Z] info: [twx-studio:upgrade:BMWCockpitMobile_HoloLens] Building ves-ar-extension app:
[2019-08-26T06:22:07.309Z] debug: [twx-studio:upgrade:BMWCockpitMobile_HoloLens] pathDir
[2019-08-26T06:22:07.309Z] debug: [twx-studio:upgrade:BMWCockpitMobile_HoloLens] scaffoldDir
[2019-08-26T06:22:07.310Z] debug: [twx-studio:upgrade:BMWCockpitMobile_HoloLens] copySrc
[2019-08-26T06:22:07.646Z] debug: [twx-studio:upgrade:BMWCockpitMobile_HoloLens] buildApp
[2019-08-26T06:22:08.491Z] debug: [twx-studio:upgrade:BMWCockpitMobile_HoloLens] END buildApp
[2019-08-26T06:22:08.491Z] debug: [twx-studio:upgrade:BMWCockpitMobile_HoloLens] Build succeeded.
[2019-10-07T06:56:49.977Z] debug: [twx-studio:upgrade:BMWCockpitMobile ThingMark] Begin upgrade of project
[2019-10-07T06:56:49.979Z] info: [twx-studio:upgrade:BMWCockpitMobile ThingMark] Upgrading project
[2019-10-07T06:56:50.033Z] debug: [twx-studio:upgrade:BMWCockpitMobile ThingMark] Make sure there are not any stale files lying around
[2019-10-07T06:56:50.034Z] debug: [twx-studio:upgrade:BMWCockpitMobile ThingMark] Removing 
[2019-10-07T06:56:50.042Z] debug: [twx-studio:upgrade:BMWCockpitMobile ThingMark] Removing 
[2019-10-07T06:56:50.204Z] debug: [twx-studio:upgrade:BMWCockpitMobile ThingMark] Removing 
[2019-10-07T06:56:50.236Z] debug: [twx-studio:upgrade:BMWCockpitMobile ThingMark] Removing 
[2019-10-07T06:56:50.259Z] debug: [twx-studio:upgrade:BMWCockpitMobile ThingMark] Removing 
[2019-10-07T06:56:50.267Z] debug: [twx-studio:upgrade:BMWCockpitMobile ThingMark] Copying /src/**/* to project, overwrite=false
[2019-10-07T06:56:50.273Z] debug: [twx-studio:upgrade:BMWCockpitMobile ThingMark] Copying /**/* to project, skip /src/**/*,  overwrite=true
[2019-10-07T06:56:50.428Z] debug: [twx-studio:upgrade:BMWCockpitMobile ThingMark] Copy of project files complete
[2019-10-07T06:56:50.429Z] debug: [twx-studio:upgrade:BMWCockpitMobile ThingMark] Updating version to 
[2019-10-07T06:56:50.429Z] debug: [twx-studio:upgrade:BMWCockpitMobile ThingMark] onupgrade sucessful, now build the project
[2019-10-07T06:56:50.430Z] debug: [twx-studio:upgrade:BMWCockpitMobile ThingMark] BEGIN buildApp
[2019-10-07T06:56:50.430Z] debug: [twx-studio:upgrade:BMWCockpitMobile ThingMark] write settings
[2019-10-07T06:56:50.431Z] debug: [twx-studio:upgrade:BMWCockpitMobile ThingMark] copy runtime extensions
[2019-10-07T06:56:50.992Z] debug: [twx-studio:upgrade:BMWCockpitMobile ThingMark] packageThemeSet
[2019-10-07T06:56:52.452Z] debug: [twx-studio:upgrade:BMWCockpitMobile ThingMark] onBuild
[2019-10-07T06:56:52.452Z] info: [twx-studio:upgrade:BMWCockpitMobile ThingMark] Building ves-ar-extension app:
[2019-10-07T06:56:52.619Z] debug: [twx-studio:upgrade:BMWCockpitMobile ThingMark] pathDir
[2019-10-07T06:56:52.619Z] debug: [twx-studio:upgrade:BMWCockpitMobile ThingMark] scaffoldDir
[2019-10-07T06:56:52.619Z] debug: [twx-studio:upgrade:BMWCockpitMobile ThingMark] copySrc
[2019-10-07T06:56:52.991Z] debug: [twx-studio:upgrade:BMWCockpitMobile ThingMark] buildApp
[2019-10-07T06:56:53.819Z] debug: [twx-studio:upgrade:BMWCockpitMobile ThingMark] END buildApp
[2019-10-07T06:56:53.819Z] debug: [twx-studio:upgrade:BMWCockpitMobile ThingMark] Build succeeded.
[2020-02-07T11:16:23.398Z] debug: [twx-studio:upgrade:BMWCockpitMobile ThingMark] Begin upgrade of project
[2020-02-07T11:16:23.400Z] info: [twx-studio:upgrade:BMWCockpitMobile ThingMark] Upgrading project
[2020-02-07T11:16:23.498Z] debug: [twx-studio:upgrade:BMWCockpitMobile ThingMark] Make sure there are not any stale files lying around
[2020-02-07T11:16:23.498Z] debug: [twx-studio:upgrade:BMWCockpitMobile ThingMark] Removing 
[2020-02-07T11:16:23.506Z] debug: [twx-studio:upgrade:BMWCockpitMobile ThingMark] Removing 
[2020-02-07T11:16:23.663Z] debug: [twx-studio:upgrade:BMWCockpitMobile ThingMark] Removing 
[2020-02-07T11:16:23.712Z] debug: [twx-studio:upgrade:BMWCockpitMobile ThingMark] Removing 
[2020-02-07T11:16:23.745Z] debug: [twx-studio:upgrade:BMWCockpitMobile ThingMark] Removing 
[2020-02-07T11:16:23.756Z] debug: [twx-studio:upgrade:BMWCockpitMobile ThingMark] Copying /src/**/* to project, overwrite=false
[2020-02-07T11:16:23.760Z] debug: [twx-studio:upgrade:BMWCockpitMobile ThingMark] Copying /**/* to project, skip /src/**/*,  overwrite=true
[2020-02-07T11:16:23.898Z] debug: [twx-studio:upgrade:BMWCockpitMobile ThingMark] Copy of project files complete
[2020-02-07T11:16:23.898Z] debug: [twx-studio:upgrade:BMWCockpitMobile ThingMark] Updating version to 
[2020-02-07T11:16:23.899Z] debug: [twx-studio:upgrade:BMWCockpitMobile ThingMark] onupgrade sucessful, now build the project
[2020-02-07T11:16:23.899Z] debug: [twx-studio:upgrade:BMWCockpitMobile ThingMark] BEGIN buildApp
[2020-02-07T11:16:23.899Z] debug: [twx-studio:upgrade:BMWCockpitMobile ThingMark] write settings
[2020-02-07T11:16:23.900Z] debug: [twx-studio:upgrade:BMWCockpitMobile ThingMark] copy runtime extensions
[2020-02-07T11:16:24.245Z] debug: [twx-studio:upgrade:BMWCockpitMobile ThingMark] packageThemeSet
[2020-02-07T11:16:25.360Z] debug: [twx-studio:upgrade:BMWCockpitMobile ThingMark] onBuild
[2020-02-07T11:16:25.360Z] info: [twx-studio:upgrade:BMWCockpitMobile ThingMark] Building ves-ar-extension app:
[2020-02-07T11:16:25.376Z] debug: [twx-studio:upgrade:BMWCockpitMobile ThingMark] pathDir
[2020-02-07T11:16:25.376Z] debug: [twx-studio:upgrade:BMWCockpitMobile ThingMark] scaffoldDir
[2020-02-07T11:16:25.376Z] debug: [twx-studio:upgrade:BMWCockpitMobile ThingMark] copySrc
[2020-02-07T11:16:25.695Z] debug: [twx-studio:upgrade:BMWCockpitMobile ThingMark] buildApp
[2020-02-07T11:16:26.445Z] debug: [twx-studio:upgrade:BMWCockpitMobile ThingMark] END buildApp
[2020-02-07T11:16:26.445Z] debug: [twx-studio:upgrade:BMWCockpitMobile ThingMark] Build succeeded.
